<?xml version="1.0" encoding="UTF-8"?>
<!-- Generated by org.testng.reporters.JUnitReportReporter -->
<testsuite skipped="0" hostname="DESKTOP-RGPH0JP" name="testCases.GET_Or_Read_All_Products" tests="1" failures="0" timestamp="10 Mar 2021 05:55:55 GMT" time="4.005" errors="0">
  <testcase name="read_All_Products" time="4.005" classname="testCases.GET_Or_Read_All_Products"/>
</testsuite> <!-- testCases.GET_Or_Read_All_Products -->
