<?xml version="1.0" encoding="UTF-8"?>
<!-- Generated by org.testng.reporters.JUnitReportReporter -->
<testsuite skipped="0" hostname="DESKTOP-RGPH0JP" name="testCases.POST_Or_Create_A_Product" tests="1" failures="0" timestamp="10 Mar 2021 05:57:00 GMT" time="4.808" errors="0">
  <testcase name="create_A_Products" time="4.808" classname="testCases.POST_Or_Create_A_Product"/>
</testsuite> <!-- testCases.POST_Or_Create_A_Product -->
