<?xml version="1.0" encoding="UTF-8"?>
<!-- Generated by org.testng.reporters.JUnitReportReporter -->
<testsuite skipped="0" hostname="DESKTOP-RGPH0JP" name="testCases.GET_Or_Read_A_Product" tests="1" failures="0" timestamp="10 Mar 2021 06:13:14 GMT" time="3.784" errors="0">
  <testcase name="read_A_Products" time="3.784" classname="testCases.GET_Or_Read_A_Product"/>
</testsuite> <!-- testCases.GET_Or_Read_A_Product -->
